<?xml version="1.0" encoding="UTF-8"?>
<testsuite xmlns:xsi="http://www.w3.org/2001/XMLSchema-instance" xsi:noNamespaceSchemaLocation="https://maven.apache.org/surefire/maven-surefire-plugin/xsd/surefire-test-report.xsd" version="3.0.1" name="com.automation.e2eTests.RunWebSuiteTest" time="10.295" tests="6" errors="0" skipped="0" failures="0">
  <properties>
[...]
</properties>
  <testcase name="Je souhaite supprimer un produit" classname="Suppression d&apos;un produit" time="0.089">
    <system-out><![CDATA[
@all @DeleteProduct
Scenario: Je souhaite supprimer un produit # src/spec/features/features_file/DeleteProduct.feature:11
]]></system-out>
  </testcase>
  <testcase name="Je souhaite  me connecter à l&apos;interface avec des identifiants valides" classname="Authentification" time="2.246">
    <system-out><![CDATA[
@all @login @login_validCredential
Scenario: Je souhaite  me connecter Ã  l'interface avec des identifiants valides # src/spec/features/features_file/Login.feature:12
  Given Je me connecte Ã  l'interface Swag Labs                                  # com.automation.e2eTests.step_definitions.LoginStepDefinition.jeMeConnecteÃ€LInterfaceSwagLabs()
  When Je saisis le username                                                    # com.automation.e2eTests.step_definitions.LoginStepDefinition.jeSaisisLeUsername()
  And Je saisis le password                                                     # com.automation.e2eTests.step_definitions.LoginStepDefinition.jeSaisisLePassword()
  And Je clique sur Login                                                       # com.automation.e2eTests.step_definitions.LoginStepDefinition.jeCliqueSurLogin()
  Then Je me redirige vers la page Home "Products"                              # com.automation.e2eTests.step_definitions.LoginStepDefinition.jeMeRedirigeVersLaPageHome(java.lang.String)
]]></system-out>
    <system-err><![CDATA[oct. 21, 2025 5:51:20 AM org.openqa.selenium.devtools.CdpVersionFinder findNearestMatch
WARNING: Unable to find an exact match for CDP version 140, returning the closest version; found: 138; Please update to a Selenium version that supports CDP version 140
]]></system-err>
  </testcase>
  <testcase name="Je souhaite me deconnecter" classname="Authentification" time="1.665">
    <system-out><![CDATA[
@all @login @logout
Scenario: Je souhaite me deconnecter                    # src/spec/features/features_file/Login.feature:16
  Given Je me connecte Ã  l'interface Swag Labs          # com.automation.e2eTests.step_definitions.LoginStepDefinition.jeMeConnecteÃ€LInterfaceSwagLabs()
  When Je saisis le username                            # com.automation.e2eTests.step_definitions.LoginStepDefinition.jeSaisisLeUsername()
  And Je saisis le password                             # com.automation.e2eTests.step_definitions.LoginStepDefinition.jeSaisisLePassword()
  And Je clique sur Login                               # com.automation.e2eTests.step_definitions.LoginStepDefinition.jeCliqueSurLogin()
  When Je clique sur le burgur menu                     # com.automation.e2eTests.step_definitions.LoginStepDefinition.jeCliqueSurLeBurgurMenu()
  And Je clique sur Logout                              # com.automation.e2eTests.step_definitions.LoginStepDefinition.jeCliqueSurLogout()
  Then Je me redirige vers la page de connexion "Login" # com.automation.e2eTests.step_definitions.LoginStepDefinition.jeMeRedirigeVersLaPageDeConnexion(java.lang.String)
]]></system-out>
    <system-err><![CDATA[oct. 21, 2025 5:51:21 AM org.openqa.selenium.devtools.CdpVersionFinder findNearestMatch
WARNING: Unable to find an exact match for CDP version 140, returning the closest version; found: 138; Please update to a Selenium version that supports CDP version 140
]]></system-err>
  </testcase>
  <testcase name="Je souhaite passer une commande" classname="Achat des produits" time="2.246">
    <system-out><![CDATA[
@all @Commande @Products
Scenario: Je souhaite passer une commande                            # src/spec/features/features_file/Order.feature:11
  Given Je me connecte Ã  l'interface Swag Labs                       # com.automation.e2eTests.step_definitions.LoginStepDefinition.jeMeConnecteÃ€LInterfaceSwagLabs()
  When Je saisis le username                                         # com.automation.e2eTests.step_definitions.LoginStepDefinition.jeSaisisLeUsername()
  And Je saisis le password                                          # com.automation.e2eTests.step_definitions.LoginStepDefinition.jeSaisisLePassword()
  And Je clique sur Login                                            # com.automation.e2eTests.step_definitions.LoginStepDefinition.jeCliqueSurLogin()
  When J'ajoute des produits au panier                               # com.automation.e2eTests.step_definitions.OrderStepDefinition.jAjouteDesProduitsAuPanier()
  And Je clique sur le bouton panier                                 # com.automation.e2eTests.step_definitions.OrderStepDefinition.jeCliqueSurLeBoutonPanier()
  And Je vÃ©rifie que tous les produits ajoutÃ©s sont dans le panier   # com.automation.e2eTests.step_definitions.OrderStepDefinition.jeVÃ©rifieQueTousLesProduitsAjoutÃ©sSontDansLePanier()
  And Je clique sur le bouton checkout                               # com.automation.e2eTests.step_definitions.OrderStepDefinition.jeCliqueSurLeBoutonCheckout()
  And Je saisis toutes les informations                              # com.automation.e2eTests.step_definitions.OrderStepDefinition.jeSaisisToutesLesInformations()
  And Je clique sur le bouton Continuer                              # com.automation.e2eTests.step_definitions.OrderStepDefinition.jeCliqueSurLeBoutonContinuer()
  And Je clique sur finish                                           # com.automation.e2eTests.step_definitions.OrderStepDefinition.jeCliqueSurFinish()
  Then Je verifie le message de rÃ©ussite "Thank you for your order!" # com.automation.e2eTests.step_definitions.OrderStepDefinition.jeVerifieLeMessageDeRÃ©ussite(java.lang.String)
]]></system-out>
    <system-err><![CDATA[oct. 21, 2025 5:51:23 AM org.openqa.selenium.devtools.CdpVersionFinder findNearestMatch
WARNING: Unable to find an exact match for CDP version 140, returning the closest version; found: 138; Please update to a Selenium version that supports CDP version 140
]]></system-err>
  </testcase>
  <testcase name="Je souhaite trier les produits par prix croissant" classname="Tri des produits" time="1.744">
    <system-out><![CDATA[
@all @SortProducts @SortByPrice
Scenario: Je souhaite trier les produits par prix croissant              # src/spec/features/features_file/SortProducts.feature:12
  Given Je me connecte Ã  l'interface Swag Labs                           # com.automation.e2eTests.step_definitions.LoginStepDefinition.jeMeConnecteÃ€LInterfaceSwagLabs()
  When Je saisis le username                                             # com.automation.e2eTests.step_definitions.LoginStepDefinition.jeSaisisLeUsername()
  And Je saisis le password                                              # com.automation.e2eTests.step_definitions.LoginStepDefinition.jeSaisisLePassword()
  And Je clique sur Login                                                # com.automation.e2eTests.step_definitions.LoginStepDefinition.jeCliqueSurLogin()
  When Je selectionne l'option "Price (low to high)" dans le menu de tri # com.automation.e2eTests.step_definitions.SortProductsStepDefinition.jeSelectionneLOptionDansLeMenuDeTri(java.lang.String)
  Then Tri par prix croissant effectuÃ©                                   # com.automation.e2eTests.step_definitions.SortProductsStepDefinition.triParPrixCroissantEffectuÃ©()
]]></system-out>
    <system-err><![CDATA[oct. 21, 2025 5:51:25 AM org.openqa.selenium.devtools.CdpVersionFinder findNearestMatch
WARNING: Unable to find an exact match for CDP version 140, returning the closest version; found: 138; Please update to a Selenium version that supports CDP version 140
]]></system-err>
  </testcase>
  <testcase name="Je souhaite trier les produits par ordre alphabétique de Z à A" classname="Tri des produits" time="2.08">
    <system-out><![CDATA[
@all @SortProducts @SortByName
Scenario: Je souhaite trier les produits par ordre alphabÃ©tique de Z Ã  A # src/spec/features/features_file/SortProducts.feature:19
  Given Je me connecte Ã  l'interface Swag Labs                           # com.automation.e2eTests.step_definitions.LoginStepDefinition.jeMeConnecteÃ€LInterfaceSwagLabs()
  When Je saisis le username                                             # com.automation.e2eTests.step_definitions.LoginStepDefinition.jeSaisisLeUsername()
  And Je saisis le password                                              # com.automation.e2eTests.step_definitions.LoginStepDefinition.jeSaisisLePassword()
  And Je clique sur Login                                                # com.automation.e2eTests.step_definitions.LoginStepDefinition.jeCliqueSurLogin()
  When Je choisis l'option "Name (Z to A)" dans le menu de tri           # com.automation.e2eTests.step_definitions.SortProductsStepDefinition.jeChoisisLOptionDansLeMenuDeTri(java.lang.String)
  Then Tri par ordre alphabÃ©tique decroissant effectuÃ©                   # com.automation.e2eTests.step_definitions.SortProductsStepDefinition.triParOrdreAlphabÃ©tiqueDecroissantEffectuÃ©()
]]></system-out>
    <system-err><![CDATA[oct. 21, 2025 5:51:27 AM org.openqa.selenium.devtools.CdpVersionFinder findNearestMatch
WARNING: Unable to find an exact match for CDP version 140, returning the closest version; found: 138; Please update to a Selenium version that supports CDP version 140
]]></system-err>
  </testcase>
</testsuite>